<?xml version="1.0" encoding="UTF-8"?>
<!-- Generated by org.testng.reporters.JUnitReportReporter -->
<testsuite hostname="GBMAG005" failures="0" tests="1" name="firstcrybaby.Babyfirstcry.testscripts.TestRunner" time="74.568" errors="0" timestamp="2023-09-15T20:16:09 IST" skipped="0">
  <testcase classname="firstcrybaby.Babyfirstcry.testscripts.TestRunner" name="runScenario" time="74.568"/>
  <system-out/>
</testsuite> <!-- firstcrybaby.Babyfirstcry.testscripts.TestRunner -->
